[30 June 2025 at 6:08 pm] [info] instantiating backup controller 21b204c33d0c56587bba446b8141155b
[30 June 2025 at 6:08 pm] [debug] setting controller status to 100
[30 June 2025 at 6:08 pm] [debug] loading controller plan
[30 June 2025 at 6:08 pm] [debug] setting controller status to 300
[30 June 2025 at 6:08 pm] [debug] applying plan defaults
[30 June 2025 at 6:08 pm] [debug] setting controller status to 400
[30 June 2025 at 6:08 pm] [debug] setting file inclusion to 
[30 June 2025 at 6:08 pm] [info] checking plan security
[30 June 2025 at 6:08 pm] [debug] setting controller status to 500
[30 June 2025 at 6:08 pm] [info] checking plan security
[30 June 2025 at 6:08 pm] [info] checking plan security
[30 June 2025 at 6:08 pm] [info] checking plan security
[30 June 2025 at 6:08 pm] [debug] saving controller to db
[30 June 2025 at 6:08 pm] [debug] calculating controller checksum aba58ac50260e6225b00454464e0927b
[30 June 2025 at 6:14 pm] [debug] loading controller from db
[30 June 2025 at 6:14 pm] [info] checking plan security
[30 June 2025 at 6:14 pm] [info] checking plan security
[30 June 2025 at 6:14 pm] [info] checking plan security
[30 June 2025 at 6:14 pm] [debug] saving controller to db
[30 June 2025 at 6:14 pm] [debug] calculating controller checksum 2b99af515cf0d92e2fa3d8895cbddc95
[30 June 2025 at 6:14 pm] [debug] loading controller from db
[30 June 2025 at 6:14 pm] [info] checking plan security
[30 June 2025 at 6:14 pm] [info] checking plan security
[30 June 2025 at 6:14 pm] [info] checking plan security
[30 June 2025 at 6:14 pm] [debug] saving controller to db
[30 June 2025 at 6:14 pm] [debug] calculating controller checksum 2b99af515cf0d92e2fa3d8895cbddc95
[30 June 2025 at 6:14 pm] [debug] loading controller from db
[30 June 2025 at 6:14 pm] [info] checking plan security
[30 June 2025 at 6:14 pm] [info] checking plan security
[30 June 2025 at 6:14 pm] [debug] setting controller status to 700
[30 June 2025 at 6:14 pm] [debug] saving controller to db
[30 June 2025 at 6:14 pm] [debug] calculating controller checksum 37fdb8316db77961e30c305fdc599112
[30 June 2025 at 6:14 pm] [debug] loading controller from db
[30 June 2025 at 6:15 pm] [debug] loading controller from db
[30 June 2025 at 6:15 pm] [debug] setting file inclusion to 1
[30 June 2025 at 6:15 pm] [debug] setting controller status to 800
[30 June 2025 at 6:15 pm] [debug] saving controller to db
[30 June 2025 at 6:15 pm] [debug] calculating controller checksum 0d146de7a909a0c5eef05da2b5ae063c
[30 June 2025 at 6:15 pm] [debug] loading controller from db
